<?xml version="1.0" encoding="UTF-8"?>
<!-- Generated by org.testng.reporters.JUnitReportReporter -->
<testsuite skipped="0" hostname="Admin" name="Scripts.LoginTestCase" tests="1" failures="0" timestamp="26 Sep 2019 13:50:04 GMT" time="41.853" errors="0">
  <testcase name="validlogin" time="41.853" classname="Scripts.LoginTestCase"/>
</testsuite> <!-- Scripts.LoginTestCase -->
