<?xml version="1.0" encoding="UTF-8"?>
<!-- Generated by org.testng.reporters.JUnitReportReporter -->
<testsuite skipped="0" hostname="Admin" name="Scripts.TestInvalidLogin" tests="1" failures="0" timestamp="28 Feb 2020 07:08:57 GMT" time="44.376" errors="0">
  <testcase name="inValidlogin" time="44.376" classname="Scripts.TestInvalidLogin"/>
</testsuite> <!-- Scripts.TestInvalidLogin -->
