<?xml version="1.0" encoding="UTF-8"?>
<!-- Generated by org.testng.reporters.JUnitReportReporter -->
<testsuite skipped="0" hostname="Admin" name="Scripts.TestBuildNo" tests="1" failures="0" timestamp="28 Feb 2020 07:08:57 GMT" time="24.686" errors="0">
  <testcase name="verifyBuildNo" time="24.686" classname="Scripts.TestBuildNo"/>
</testsuite> <!-- Scripts.TestBuildNo -->
